<?xml version="1.0" encoding="UTF-8"?>
<testsuite xmlns:xsi="http://www.w3.org/2001/XMLSchema-instance" xsi:noNamespaceSchemaLocation="https://maven.apache.org/surefire/maven-surefire-plugin/xsd/surefire-test-report-3.0.xsd" version="3.0" name="TestSuite" time="5.139" tests="5" errors="0" skipped="0" failures="0">
  <properties>
[...]
</properties>
  <testcase name="tc001_createEnvVar" classname="api.EnvVarAPITest" time="0.546">
    <system-out><![CDATA[[
    
]
No variables found. Skipping deletion.
{
    "secret": false,
    "locked": false,
    "value": "val_1",
    "key": "API_KEY"
}
{
    "secret": true,
    "locked": true,
    "value": "val_2",
    "key": "DB_PASSWORD"
}
{
    "secret": false,
    "locked": false,
    "value": "val_3",
    "key": "SERVICE_URL"
}
]]></system-out>
    <system-err><![CDATA[SLF4J(W): No SLF4J providers were found.
SLF4J(W): Defaulting to no-operation (NOP) logger implementation
SLF4J(W): See https://www.slf4j.org/codes.html#noProviders for further details.
]]></system-err>
  </testcase>
  <testcase name="tc002_updateEnvVar" classname="api.EnvVarAPITest" time="0.177">
    <system-out><![CDATA[{
    "key": "API_KEY",
    "secret": true,
    "locked": true,
    "value": "val_1"
}
]]></system-out>
  </testcase>
  <testcase name="tc003_getEnvVarbyKey" classname="api.EnvVarAPITest" time="0.15">
    <system-out><![CDATA[{
    "key": "API_KEY",
    "value": null,
    "locked": true,
    "secret": true
}
]]></system-out>
  </testcase>
  <testcase name="tc004_getAllEnvVar" classname="api.EnvVarAPITest" time="0.461">
    <system-out><![CDATA[[
    {
        "key": "DB_PASSWORD",
        "value": null,
        "locked": true,
        "secret": true
    },
    {
        "key": "SERVICE_URL",
        "value": "val_3",
        "locked": false,
        "secret": false
    },
    {
        "key": "API_KEY",
        "value": null,
        "locked": true,
        "secret": true
    }
]
]]></system-out>
  </testcase>
  <testcase name="tc005_deleteEnvVar" classname="api.EnvVarAPITest" time="0.709">
    <system-out><![CDATA[


]]></system-out>
  </testcase>
</testsuite>