<?xml version="1.0" encoding="UTF-8"?>
<testng-results ignored="0" total="5" passed="5" failed="0" skipped="0">
  <reporter-output>
  </reporter-output>
  <suite started-at="2026-03-01T10:54:41 UTC" name="checkly-automation" finished-at="2026-03-01T10:54:44 UTC" duration-ms="3428">
    <groups>
    </groups>
    <test started-at="2026-03-01T10:54:41 UTC" name="api-test" finished-at="2026-03-01T10:54:44 UTC" duration-ms="3428">
      <class name="api.EnvVarAPITest">
        <test-method is-config="true" signature="prugeData()[pri:0, instance:api.EnvVarAPITest@74cadd41]" started-at="2026-03-01T10:54:41 UTC" name="prugeData" finished-at="2026-03-01T10:54:42 UTC" duration-ms="1635" status="PASS">
          <reporter-output>
          </reporter-output>
        </test-method> <!-- prugeData -->
        <test-method is-config="true" signature="setup()[pri:0, instance:api.EnvVarAPITest@74cadd41]" started-at="2026-03-01T10:54:42 UTC" name="setup" finished-at="2026-03-01T10:54:42 UTC" duration-ms="2" status="PASS">
          <reporter-output>
          </reporter-output>
        </test-method> <!-- setup -->
        <test-method signature="tc001_createEnvVar()[pri:0, instance:api.EnvVarAPITest@74cadd41]" started-at="2026-03-01T10:54:42 UTC" name="tc001_createEnvVar" finished-at="2026-03-01T10:54:43 UTC" duration-ms="538" status="PASS">
          <reporter-output>
          </reporter-output>
        </test-method> <!-- tc001_createEnvVar -->
        <test-method is-config="true" signature="setup()[pri:0, instance:api.EnvVarAPITest@74cadd41]" started-at="2026-03-01T10:54:43 UTC" name="setup" finished-at="2026-03-01T10:54:43 UTC" duration-ms="2" status="PASS">
          <reporter-output>
          </reporter-output>
        </test-method> <!-- setup -->
        <test-method signature="tc002_updateEnvVar()[pri:0, instance:api.EnvVarAPITest@74cadd41]" started-at="2026-03-01T10:54:43 UTC" name="tc002_updateEnvVar" finished-at="2026-03-01T10:54:43 UTC" duration-ms="161" status="PASS">
          <reporter-output>
          </reporter-output>
        </test-method> <!-- tc002_updateEnvVar -->
        <test-method is-config="true" signature="setup()[pri:0, instance:api.EnvVarAPITest@74cadd41]" started-at="2026-03-01T10:54:43 UTC" name="setup" finished-at="2026-03-01T10:54:43 UTC" duration-ms="1" status="PASS">
          <reporter-output>
          </reporter-output>
        </test-method> <!-- setup -->
        <test-method signature="tc003_getEnvVarbyKey()[pri:0, instance:api.EnvVarAPITest@74cadd41]" started-at="2026-03-01T10:54:43 UTC" name="tc003_getEnvVarbyKey" finished-at="2026-03-01T10:54:44 UTC" duration-ms="465" status="PASS">
          <reporter-output>
          </reporter-output>
        </test-method> <!-- tc003_getEnvVarbyKey -->
        <test-method is-config="true" signature="setup()[pri:0, instance:api.EnvVarAPITest@74cadd41]" started-at="2026-03-01T10:54:44 UTC" name="setup" finished-at="2026-03-01T10:54:44 UTC" duration-ms="1" status="PASS">
          <reporter-output>
          </reporter-output>
        </test-method> <!-- setup -->
        <test-method signature="tc004_getAllEnvVar()[pri:0, instance:api.EnvVarAPITest@74cadd41]" started-at="2026-03-01T10:54:44 UTC" name="tc004_getAllEnvVar" finished-at="2026-03-01T10:54:44 UTC" duration-ms="149" status="PASS">
          <reporter-output>
          </reporter-output>
        </test-method> <!-- tc004_getAllEnvVar -->
        <test-method is-config="true" signature="setup()[pri:0, instance:api.EnvVarAPITest@74cadd41]" started-at="2026-03-01T10:54:44 UTC" name="setup" finished-at="2026-03-01T10:54:44 UTC" duration-ms="1" status="PASS">
          <reporter-output>
          </reporter-output>
        </test-method> <!-- setup -->
        <test-method signature="tc005_deleteEnvVar()[pri:0, instance:api.EnvVarAPITest@74cadd41]" started-at="2026-03-01T10:54:44 UTC" name="tc005_deleteEnvVar" finished-at="2026-03-01T10:54:44 UTC" duration-ms="434" status="PASS">
          <reporter-output>
          </reporter-output>
        </test-method> <!-- tc005_deleteEnvVar -->
      </class> <!-- api.EnvVarAPITest -->
    </test> <!-- api-test -->
  </suite> <!-- checkly-automation -->
</testng-results>
