<?xml version="1.0" encoding="UTF-8"?>
<testsuite xmlns:xsi="http://www.w3.org/2001/XMLSchema-instance" xsi:noNamespaceSchemaLocation="https://maven.apache.org/surefire/maven-surefire-plugin/xsd/surefire-test-report.xsd" version="3.0.2" name="TestSuite" time="22.901" tests="15" errors="0" skipped="13" failures="2">
  <properties>
[...]
</properties>
  <testcase name="launch" classname="ui.LoginTest" time="22.723">
    <failure message="Could not start a new session. Response code 500. Message: session not created: Chrome instance exited. Examine ChromeDriver verbose log to determine the cause. &#10;Host info: host: &apos;runnervmnay03&apos;, ip: &apos;10.1.0.164&apos;&#10;Build info: version: &apos;4.18.1&apos;, revision: &apos;b1d3319b48&apos;&#10;System info: os.name: &apos;Linux&apos;, os.arch: &apos;amd64&apos;, os.version: &apos;6.14.0-1017-azure&apos;, java.version: &apos;17.0.18&apos;&#10;Driver info: org.openqa.selenium.chrome.ChromeDriver&#10;Command: [null, newSession {capabilities=[Capabilities {acceptInsecureCerts: true, browserName: chrome, goog:chromeOptions: {args: [--proxy-bypass-list=&lt;-loopb..., --disable-dev-shm-usage, --window-size=1366,768, --no-sandbox, --disable-gpu], binary: /usr/bin/google-chrome, excludeSwitches: [enable-automation, load-extension], extensions: [], prefs: {credentials_enable_service: false, download.default_directory: /home/runner/work/checkly/c..., plugins.always_open_pdf_externally: true, profile.default_content_setting_values.automatic_downloads: 1, profile.password_manager_enabled: false, safebrowsing.enabled: true}}, pageLoadStrategy: normal, unhandledPromptBehavior: accept}]}]&#10;selenide.url: https://app.checklyhq.com&#10;selenide.baseUrl: https://app.checklyhq.com" type="org.openqa.selenium.SessionNotCreatedException"><![CDATA[org.openqa.selenium.SessionNotCreatedException: 
Could not start a new session. Response code 500. Message: session not created: Chrome instance exited. Examine ChromeDriver verbose log to determine the cause. 
Host info: host: 'runnervmnay03', ip: '10.1.0.164'
Build info: version: '4.18.1', revision: 'b1d3319b48'
System info: os.name: 'Linux', os.arch: 'amd64', os.version: '6.14.0-1017-azure', java.version: '17.0.18'
Driver info: org.openqa.selenium.chrome.ChromeDriver
Command: [null, newSession {capabilities=[Capabilities {acceptInsecureCerts: true, browserName: chrome, goog:chromeOptions: {args: [--proxy-bypass-list=<-loopb..., --disable-dev-shm-usage, --window-size=1366,768, --no-sandbox, --disable-gpu], binary: /usr/bin/google-chrome, excludeSwitches: [enable-automation, load-extension], extensions: [], prefs: {credentials_enable_service: false, download.default_directory: /home/runner/work/checkly/c..., plugins.always_open_pdf_externally: true, profile.default_content_setting_values.automatic_downloads: 1, profile.password_manager_enabled: false, safebrowsing.enabled: true}}, pageLoadStrategy: normal, unhandledPromptBehavior: accept}]}]
selenide.url: https://app.checklyhq.com
selenide.baseUrl: https://app.checklyhq.com
	at org.openqa.selenium.remote.ProtocolHandshake.createSession(ProtocolHandshake.java:139)
	at org.openqa.selenium.remote.ProtocolHandshake.createSession(ProtocolHandshake.java:95)
	at org.openqa.selenium.remote.ProtocolHandshake.createSession(ProtocolHandshake.java:67)
	at org.openqa.selenium.remote.HttpCommandExecutor.execute(HttpCommandExecutor.java:162)
	at org.openqa.selenium.remote.service.DriverCommandExecutor.invokeExecute(DriverCommandExecutor.java:216)
	at org.openqa.selenium.remote.service.DriverCommandExecutor.execute(DriverCommandExecutor.java:174)
	at org.openqa.selenium.remote.RemoteWebDriver.execute(RemoteWebDriver.java:519)
	at org.openqa.selenium.remote.RemoteWebDriver.startSession(RemoteWebDriver.java:233)
	at org.openqa.selenium.remote.RemoteWebDriver.<init>(RemoteWebDriver.java:162)
	at org.openqa.selenium.chromium.ChromiumDriver.<init>(ChromiumDriver.java:114)
	at org.openqa.selenium.chrome.ChromeDriver.<init>(ChromeDriver.java:89)
	at org.openqa.selenium.chrome.ChromeDriver.<init>(ChromeDriver.java:84)
	at com.codeborne.selenide.webdriver.ChromeDriverFactory.create(ChromeDriverFactory.java:34)
	at com.codeborne.selenide.webdriver.WebDriverFactory.createWebDriverInstance(WebDriverFactory.java:117)
	at com.codeborne.selenide.webdriver.WebDriverFactory.createWebDriver(WebDriverFactory.java:67)
	at com.codeborne.selenide.drivercommands.CreateDriverCommand.lambda$createDriver$0(CreateDriverCommand.java:72)
	at com.codeborne.selenide.logevents.SelenideLogger.wrap(SelenideLogger.java:133)
	at com.codeborne.selenide.logevents.SelenideLogger.get(SelenideLogger.java:113)
	at com.codeborne.selenide.drivercommands.CreateDriverCommand.createDriver(CreateDriverCommand.java:48)
	at com.codeborne.selenide.impl.WebDriverThreadLocalContainer.createDriver(WebDriverThreadLocalContainer.java:189)
	at com.codeborne.selenide.impl.WebDriverThreadLocalContainer.createAndRegisterDriver(WebDriverThreadLocalContainer.java:174)
	at com.codeborne.selenide.impl.WebDriverThreadLocalContainer.getAndCheckWebDriver(WebDriverThreadLocalContainer.java:136)
	at com.codeborne.selenide.WebDriverRunner.getAndCheckWebDriver(WebDriverRunner.java:113)
	at com.codeborne.selenide.impl.StaticDriver.getAndCheckWebDriver(StaticDriver.java:65)
	at com.codeborne.selenide.SelenideDriver.getAndCheckWebDriver(SelenideDriver.java:211)
	at com.codeborne.selenide.drivercommands.Navigator.lambda$navigateTo$0(Navigator.java:70)
	at com.codeborne.selenide.logevents.SelenideLogger.lambda$run$0(SelenideLogger.java:105)
	at com.codeborne.selenide.logevents.SelenideLogger.wrap(SelenideLogger.java:133)
	at com.codeborne.selenide.logevents.SelenideLogger.run(SelenideLogger.java:104)
	at com.codeborne.selenide.drivercommands.Navigator.navigateTo(Navigator.java:68)
	at com.codeborne.selenide.drivercommands.Navigator.open(Navigator.java:31)
	at com.codeborne.selenide.SelenideDriver.open(SelenideDriver.java:93)
	at com.codeborne.selenide.Selenide.open(Selenide.java:53)
	at ui.base.BaseTest.launch(BaseTest.java:40)
	at java.base/jdk.internal.reflect.NativeMethodAccessorImpl.invoke0(Native Method)
	at java.base/jdk.internal.reflect.NativeMethodAccessorImpl.invoke(NativeMethodAccessorImpl.java:77)
	at java.base/jdk.internal.reflect.DelegatingMethodAccessorImpl.invoke(DelegatingMethodAccessorImpl.java:43)
	at java.base/java.lang.reflect.Method.invoke(Method.java:569)
	at org.testng.internal.invokers.MethodInvocationHelper.invokeMethod(MethodInvocationHelper.java:141)
	at org.testng.internal.invokers.MethodInvocationHelper.invokeMethodConsideringTimeout(MethodInvocationHelper.java:71)
	at org.testng.internal.invokers.ConfigInvoker.invokeConfigurationMethod(ConfigInvoker.java:400)
	at org.testng.internal.invokers.ConfigInvoker.invokeConfigurations(ConfigInvoker.java:333)
	at org.testng.internal.invokers.TestInvoker.runConfigMethods(TestInvoker.java:833)
	at org.testng.internal.invokers.TestInvoker.invokeMethod(TestInvoker.java:600)
	at org.testng.internal.invokers.TestInvoker.invokeTestMethod(TestInvoker.java:230)
	at org.testng.internal.invokers.MethodRunner.runInSequence(MethodRunner.java:63)
	at org.testng.internal.invokers.TestInvoker$MethodInvocationAgent.invoke(TestInvoker.java:992)
	at org.testng.internal.invokers.TestInvoker.invokeTestMethods(TestInvoker.java:203)
	at org.testng.internal.invokers.TestMethodWorker.invokeTestMethods(TestMethodWorker.java:154)
	at org.testng.internal.invokers.TestMethodWorker.run(TestMethodWorker.java:134)
	at java.base/java.util.concurrent.Executors$RunnableAdapter.call(Executors.java:539)
	at java.base/java.util.concurrent.FutureTask.run(FutureTask.java:264)
	at org.testng.internal.thread.graph.TestNGFutureTask.run(TestNGFutureTask.java:22)
	at java.base/java.util.concurrent.ThreadPoolExecutor.runWorker(ThreadPoolExecutor.java:1136)
	at java.base/java.util.concurrent.ThreadPoolExecutor$Worker.run(ThreadPoolExecutor.java:635)
	at java.base/java.lang.Thread.run(Thread.java:840)
]]></failure>
    <system-out><![CDATA[Unable to delete the folder or folder not found
Unable to delete the folder or folder not found
]]></system-out>
    <system-err><![CDATA[SLF4J(W): No SLF4J providers were found.
SLF4J(W): Defaulting to no-operation (NOP) logger implementation
SLF4J(W): See https://www.slf4j.org/codes.html#noProviders for further details.
]]></system-err>
  </testcase>
  <testcase name="launch" classname="ui.LoginTest" time="0.0">
    <skipped/>
  </testcase>
  <testcase name="tc001_loginTest" classname="ui.LoginTest" time="0.0">
    <skipped message="Could not start a new session. Response code 500. Message: session not created: Chrome instance exited. Examine ChromeDriver verbose log to determine the cause. &#10;Host info: host: &apos;runnervmnay03&apos;, ip: &apos;10.1.0.164&apos;&#10;Build info: version: &apos;4.18.1&apos;, revision: &apos;b1d3319b48&apos;&#10;System info: os.name: &apos;Linux&apos;, os.arch: &apos;amd64&apos;, os.version: &apos;6.14.0-1017-azure&apos;, java.version: &apos;17.0.18&apos;&#10;Driver info: org.openqa.selenium.chrome.ChromeDriver&#10;Command: [null, newSession {capabilities=[Capabilities {acceptInsecureCerts: true, browserName: chrome, goog:chromeOptions: {args: [--proxy-bypass-list=&lt;-loopb..., --disable-dev-shm-usage, --window-size=1366,768, --no-sandbox, --disable-gpu], binary: /usr/bin/google-chrome, excludeSwitches: [enable-automation, load-extension], extensions: [], prefs: {credentials_enable_service: false, download.default_directory: /home/runner/work/checkly/c..., plugins.always_open_pdf_externally: true, profile.default_content_setting_values.automatic_downloads: 1, profile.password_manager_enabled: false, safebrowsing.enabled: true}}, pageLoadStrategy: normal, unhandledPromptBehavior: accept}]}]&#10;selenide.url: https://app.checklyhq.com&#10;selenide.baseUrl: https://app.checklyhq.com"/>
  </testcase>
  <testcase name="tearDown" classname="ui.LoginTest" time="0.0">
    <skipped/>
  </testcase>
  <testcase name="tearDown" classname="ui.LoginTest" time="0.0">
    <skipped/>
  </testcase>
  <testcase name="tc002_loginTestFail" classname="ui.LoginTest" time="0.0">
    <skipped message="Could not start a new session. Response code 500. Message: session not created: Chrome instance exited. Examine ChromeDriver verbose log to determine the cause. &#10;Host info: host: &apos;runnervmnay03&apos;, ip: &apos;10.1.0.164&apos;&#10;Build info: version: &apos;4.18.1&apos;, revision: &apos;b1d3319b48&apos;&#10;System info: os.name: &apos;Linux&apos;, os.arch: &apos;amd64&apos;, os.version: &apos;6.14.0-1017-azure&apos;, java.version: &apos;17.0.18&apos;&#10;Driver info: org.openqa.selenium.chrome.ChromeDriver&#10;Command: [null, newSession {capabilities=[Capabilities {acceptInsecureCerts: true, browserName: chrome, goog:chromeOptions: {args: [--proxy-bypass-list=&lt;-loopb..., --disable-dev-shm-usage, --window-size=1366,768, --no-sandbox, --disable-gpu], binary: /usr/bin/google-chrome, excludeSwitches: [enable-automation, load-extension], extensions: [], prefs: {credentials_enable_service: false, download.default_directory: /home/runner/work/checkly/c..., plugins.always_open_pdf_externally: true, profile.default_content_setting_values.automatic_downloads: 1, profile.password_manager_enabled: false, safebrowsing.enabled: true}}, pageLoadStrategy: normal, unhandledPromptBehavior: accept}]}]&#10;selenide.url: https://app.checklyhq.com&#10;selenide.baseUrl: https://app.checklyhq.com"/>
  </testcase>
  <testcase name="launch" classname="ui.EnvVarTest" time="22.726">
    <failure message="Could not start a new session. Response code 500. Message: session not created: Chrome instance exited. Examine ChromeDriver verbose log to determine the cause. &#10;Host info: host: &apos;runnervmnay03&apos;, ip: &apos;10.1.0.164&apos;&#10;Build info: version: &apos;4.18.1&apos;, revision: &apos;b1d3319b48&apos;&#10;System info: os.name: &apos;Linux&apos;, os.arch: &apos;amd64&apos;, os.version: &apos;6.14.0-1017-azure&apos;, java.version: &apos;17.0.18&apos;&#10;Driver info: org.openqa.selenium.chrome.ChromeDriver&#10;Command: [null, newSession {capabilities=[Capabilities {acceptInsecureCerts: true, browserName: chrome, goog:chromeOptions: {args: [--proxy-bypass-list=&lt;-loopb..., --disable-dev-shm-usage, --window-size=1366,768, --no-sandbox, --disable-gpu], binary: /usr/bin/google-chrome, excludeSwitches: [enable-automation, load-extension], extensions: [], prefs: {credentials_enable_service: false, download.default_directory: /home/runner/work/checkly/c..., plugins.always_open_pdf_externally: true, profile.default_content_setting_values.automatic_downloads: 1, profile.password_manager_enabled: false, safebrowsing.enabled: true}}, pageLoadStrategy: normal, unhandledPromptBehavior: accept}]}]&#10;selenide.url: https://app.checklyhq.com&#10;selenide.baseUrl: https://app.checklyhq.com" type="org.openqa.selenium.SessionNotCreatedException"><![CDATA[org.openqa.selenium.SessionNotCreatedException: 
Could not start a new session. Response code 500. Message: session not created: Chrome instance exited. Examine ChromeDriver verbose log to determine the cause. 
Host info: host: 'runnervmnay03', ip: '10.1.0.164'
Build info: version: '4.18.1', revision: 'b1d3319b48'
System info: os.name: 'Linux', os.arch: 'amd64', os.version: '6.14.0-1017-azure', java.version: '17.0.18'
Driver info: org.openqa.selenium.chrome.ChromeDriver
Command: [null, newSession {capabilities=[Capabilities {acceptInsecureCerts: true, browserName: chrome, goog:chromeOptions: {args: [--proxy-bypass-list=<-loopb..., --disable-dev-shm-usage, --window-size=1366,768, --no-sandbox, --disable-gpu], binary: /usr/bin/google-chrome, excludeSwitches: [enable-automation, load-extension], extensions: [], prefs: {credentials_enable_service: false, download.default_directory: /home/runner/work/checkly/c..., plugins.always_open_pdf_externally: true, profile.default_content_setting_values.automatic_downloads: 1, profile.password_manager_enabled: false, safebrowsing.enabled: true}}, pageLoadStrategy: normal, unhandledPromptBehavior: accept}]}]
selenide.url: https://app.checklyhq.com
selenide.baseUrl: https://app.checklyhq.com
	at org.openqa.selenium.remote.ProtocolHandshake.createSession(ProtocolHandshake.java:139)
	at org.openqa.selenium.remote.ProtocolHandshake.createSession(ProtocolHandshake.java:95)
	at org.openqa.selenium.remote.ProtocolHandshake.createSession(ProtocolHandshake.java:67)
	at org.openqa.selenium.remote.HttpCommandExecutor.execute(HttpCommandExecutor.java:162)
	at org.openqa.selenium.remote.service.DriverCommandExecutor.invokeExecute(DriverCommandExecutor.java:216)
	at org.openqa.selenium.remote.service.DriverCommandExecutor.execute(DriverCommandExecutor.java:174)
	at org.openqa.selenium.remote.RemoteWebDriver.execute(RemoteWebDriver.java:519)
	at org.openqa.selenium.remote.RemoteWebDriver.startSession(RemoteWebDriver.java:233)
	at org.openqa.selenium.remote.RemoteWebDriver.<init>(RemoteWebDriver.java:162)
	at org.openqa.selenium.chromium.ChromiumDriver.<init>(ChromiumDriver.java:114)
	at org.openqa.selenium.chrome.ChromeDriver.<init>(ChromeDriver.java:89)
	at org.openqa.selenium.chrome.ChromeDriver.<init>(ChromeDriver.java:84)
	at com.codeborne.selenide.webdriver.ChromeDriverFactory.create(ChromeDriverFactory.java:34)
	at com.codeborne.selenide.webdriver.WebDriverFactory.createWebDriverInstance(WebDriverFactory.java:117)
	at com.codeborne.selenide.webdriver.WebDriverFactory.createWebDriver(WebDriverFactory.java:67)
	at com.codeborne.selenide.drivercommands.CreateDriverCommand.lambda$createDriver$0(CreateDriverCommand.java:72)
	at com.codeborne.selenide.logevents.SelenideLogger.wrap(SelenideLogger.java:133)
	at com.codeborne.selenide.logevents.SelenideLogger.get(SelenideLogger.java:113)
	at com.codeborne.selenide.drivercommands.CreateDriverCommand.createDriver(CreateDriverCommand.java:48)
	at com.codeborne.selenide.impl.WebDriverThreadLocalContainer.createDriver(WebDriverThreadLocalContainer.java:189)
	at com.codeborne.selenide.impl.WebDriverThreadLocalContainer.createAndRegisterDriver(WebDriverThreadLocalContainer.java:174)
	at com.codeborne.selenide.impl.WebDriverThreadLocalContainer.getAndCheckWebDriver(WebDriverThreadLocalContainer.java:136)
	at com.codeborne.selenide.WebDriverRunner.getAndCheckWebDriver(WebDriverRunner.java:113)
	at com.codeborne.selenide.impl.StaticDriver.getAndCheckWebDriver(StaticDriver.java:65)
	at com.codeborne.selenide.SelenideDriver.getAndCheckWebDriver(SelenideDriver.java:211)
	at com.codeborne.selenide.drivercommands.Navigator.lambda$navigateTo$0(Navigator.java:70)
	at com.codeborne.selenide.logevents.SelenideLogger.lambda$run$0(SelenideLogger.java:105)
	at com.codeborne.selenide.logevents.SelenideLogger.wrap(SelenideLogger.java:133)
	at com.codeborne.selenide.logevents.SelenideLogger.run(SelenideLogger.java:104)
	at com.codeborne.selenide.drivercommands.Navigator.navigateTo(Navigator.java:68)
	at com.codeborne.selenide.drivercommands.Navigator.open(Navigator.java:31)
	at com.codeborne.selenide.SelenideDriver.open(SelenideDriver.java:93)
	at com.codeborne.selenide.Selenide.open(Selenide.java:53)
	at ui.base.LoggedInBaseTest.launch(LoggedInBaseTest.java:43)
	at java.base/jdk.internal.reflect.NativeMethodAccessorImpl.invoke0(Native Method)
	at java.base/jdk.internal.reflect.NativeMethodAccessorImpl.invoke(NativeMethodAccessorImpl.java:77)
	at java.base/jdk.internal.reflect.DelegatingMethodAccessorImpl.invoke(DelegatingMethodAccessorImpl.java:43)
	at java.base/java.lang.reflect.Method.invoke(Method.java:569)
	at org.testng.internal.invokers.MethodInvocationHelper.invokeMethod(MethodInvocationHelper.java:141)
	at org.testng.internal.invokers.MethodInvocationHelper.invokeMethodConsideringTimeout(MethodInvocationHelper.java:71)
	at org.testng.internal.invokers.ConfigInvoker.invokeConfigurationMethod(ConfigInvoker.java:400)
	at org.testng.internal.invokers.ConfigInvoker.invokeConfigurations(ConfigInvoker.java:333)
	at org.testng.internal.invokers.TestInvoker.runConfigMethods(TestInvoker.java:833)
	at org.testng.internal.invokers.TestInvoker.invokeMethod(TestInvoker.java:600)
	at org.testng.internal.invokers.TestInvoker.invokeTestMethod(TestInvoker.java:230)
	at org.testng.internal.invokers.MethodRunner.runInSequence(MethodRunner.java:63)
	at org.testng.internal.invokers.TestInvoker$MethodInvocationAgent.invoke(TestInvoker.java:992)
	at org.testng.internal.invokers.TestInvoker.invokeTestMethods(TestInvoker.java:203)
	at org.testng.internal.invokers.TestMethodWorker.invokeTestMethods(TestMethodWorker.java:154)
	at org.testng.internal.invokers.TestMethodWorker.run(TestMethodWorker.java:134)
	at java.base/java.util.concurrent.Executors$RunnableAdapter.call(Executors.java:539)
	at java.base/java.util.concurrent.FutureTask.run(FutureTask.java:264)
	at org.testng.internal.thread.graph.TestNGFutureTask.run(TestNGFutureTask.java:22)
	at java.base/java.util.concurrent.ThreadPoolExecutor.runWorker(ThreadPoolExecutor.java:1136)
	at java.base/java.util.concurrent.ThreadPoolExecutor$Worker.run(ThreadPoolExecutor.java:635)
	at java.base/java.lang.Thread.run(Thread.java:840)
]]></failure>
  </testcase>
  <testcase name="launch" classname="ui.EnvVarTest" time="0.0">
    <skipped/>
  </testcase>
  <testcase name="launch" classname="ui.EnvVarTest" time="0.0">
    <skipped/>
  </testcase>
  <testcase name="tc001_createEnvVar" classname="ui.EnvVarTest" time="0.0">
    <skipped message="Could not start a new session. Response code 500. Message: session not created: Chrome instance exited. Examine ChromeDriver verbose log to determine the cause. &#10;Host info: host: &apos;runnervmnay03&apos;, ip: &apos;10.1.0.164&apos;&#10;Build info: version: &apos;4.18.1&apos;, revision: &apos;b1d3319b48&apos;&#10;System info: os.name: &apos;Linux&apos;, os.arch: &apos;amd64&apos;, os.version: &apos;6.14.0-1017-azure&apos;, java.version: &apos;17.0.18&apos;&#10;Driver info: org.openqa.selenium.chrome.ChromeDriver&#10;Command: [null, newSession {capabilities=[Capabilities {acceptInsecureCerts: true, browserName: chrome, goog:chromeOptions: {args: [--proxy-bypass-list=&lt;-loopb..., --disable-dev-shm-usage, --window-size=1366,768, --no-sandbox, --disable-gpu], binary: /usr/bin/google-chrome, excludeSwitches: [enable-automation, load-extension], extensions: [], prefs: {credentials_enable_service: false, download.default_directory: /home/runner/work/checkly/c..., plugins.always_open_pdf_externally: true, profile.default_content_setting_values.automatic_downloads: 1, profile.password_manager_enabled: false, safebrowsing.enabled: true}}, pageLoadStrategy: normal, unhandledPromptBehavior: accept}]}]&#10;selenide.url: https://app.checklyhq.com&#10;selenide.baseUrl: https://app.checklyhq.com"/>
  </testcase>
  <testcase name="tearDown" classname="ui.EnvVarTest" time="0.0">
    <skipped/>
  </testcase>
  <testcase name="tearDown" classname="ui.EnvVarTest" time="0.0">
    <skipped/>
  </testcase>
  <testcase name="tearDown" classname="ui.EnvVarTest" time="0.0">
    <skipped/>
  </testcase>
  <testcase name="tc002_updateEnvVar" classname="ui.EnvVarTest" time="0.0">
    <skipped message="Could not start a new session. Response code 500. Message: session not created: Chrome instance exited. Examine ChromeDriver verbose log to determine the cause. &#10;Host info: host: &apos;runnervmnay03&apos;, ip: &apos;10.1.0.164&apos;&#10;Build info: version: &apos;4.18.1&apos;, revision: &apos;b1d3319b48&apos;&#10;System info: os.name: &apos;Linux&apos;, os.arch: &apos;amd64&apos;, os.version: &apos;6.14.0-1017-azure&apos;, java.version: &apos;17.0.18&apos;&#10;Driver info: org.openqa.selenium.chrome.ChromeDriver&#10;Command: [null, newSession {capabilities=[Capabilities {acceptInsecureCerts: true, browserName: chrome, goog:chromeOptions: {args: [--proxy-bypass-list=&lt;-loopb..., --disable-dev-shm-usage, --window-size=1366,768, --no-sandbox, --disable-gpu], binary: /usr/bin/google-chrome, excludeSwitches: [enable-automation, load-extension], extensions: [], prefs: {credentials_enable_service: false, download.default_directory: /home/runner/work/checkly/c..., plugins.always_open_pdf_externally: true, profile.default_content_setting_values.automatic_downloads: 1, profile.password_manager_enabled: false, safebrowsing.enabled: true}}, pageLoadStrategy: normal, unhandledPromptBehavior: accept}]}]&#10;selenide.url: https://app.checklyhq.com&#10;selenide.baseUrl: https://app.checklyhq.com"/>
  </testcase>
  <testcase name="tc003_deleteEnvVar" classname="ui.EnvVarTest" time="0.0">
    <skipped message="Could not start a new session. Response code 500. Message: session not created: Chrome instance exited. Examine ChromeDriver verbose log to determine the cause. &#10;Host info: host: &apos;runnervmnay03&apos;, ip: &apos;10.1.0.164&apos;&#10;Build info: version: &apos;4.18.1&apos;, revision: &apos;b1d3319b48&apos;&#10;System info: os.name: &apos;Linux&apos;, os.arch: &apos;amd64&apos;, os.version: &apos;6.14.0-1017-azure&apos;, java.version: &apos;17.0.18&apos;&#10;Driver info: org.openqa.selenium.chrome.ChromeDriver&#10;Command: [null, newSession {capabilities=[Capabilities {acceptInsecureCerts: true, browserName: chrome, goog:chromeOptions: {args: [--proxy-bypass-list=&lt;-loopb..., --disable-dev-shm-usage, --window-size=1366,768, --no-sandbox, --disable-gpu], binary: /usr/bin/google-chrome, excludeSwitches: [enable-automation, load-extension], extensions: [], prefs: {credentials_enable_service: false, download.default_directory: /home/runner/work/checkly/c..., plugins.always_open_pdf_externally: true, profile.default_content_setting_values.automatic_downloads: 1, profile.password_manager_enabled: false, safebrowsing.enabled: true}}, pageLoadStrategy: normal, unhandledPromptBehavior: accept}]}]&#10;selenide.url: https://app.checklyhq.com&#10;selenide.baseUrl: https://app.checklyhq.com"/>
  </testcase>
</testsuite>