<?xml version="1.0" encoding="UTF-8"?>
<!-- Generated by org.testng.reporters.JUnitReportReporter -->
<testsuite hostname="runnervmnay03" failures="0" tests="2" name="ui.LoginTest" time="19.150" errors="0" timestamp="2026-03-01T11:29:55 UTC" skipped="0">
  <testcase classname="ui.LoginTest" name="tc001_loginTest" time="5.816"/>
  <testcase classname="ui.LoginTest" name="tc002_loginTestFail" time="13.334"/>
  <system-out>
    <![CDATA[<a href='/home/runner/work/checkly/checkly/build/reports/tests/tc001_createEnvVar.png'><img src='file:///home/runner/work/checkly/checkly/build/reports/tests/tc001_createEnvVar.png' width='822' height='404'/></a>]]>
  </system-out>
</testsuite> <!-- ui.LoginTest -->
