<?xml version="1.0" encoding="UTF-8"?>
<!-- Generated by org.testng.reporters.JUnitReportReporter -->
<testsuite hostname="runnervmnay03" failures="0" tests="5" name="api.EnvVarAPITest" time="1.754" errors="0" timestamp="2026-03-01T10:54:44 UTC" skipped="0">
  <testcase classname="api.EnvVarAPITest" name="tc002_updateEnvVar" time="0.163"/>
  <testcase classname="api.EnvVarAPITest" name="tc001_createEnvVar" time="0.539"/>
  <testcase classname="api.EnvVarAPITest" name="tc003_getEnvVarbyKey" time="0.466"/>
  <testcase classname="api.EnvVarAPITest" name="tc005_deleteEnvVar" time="0.436"/>
  <testcase classname="api.EnvVarAPITest" name="tc004_getAllEnvVar" time="0.150"/>
</testsuite> <!-- api.EnvVarAPITest -->
