<?xml version="1.0" encoding="UTF-8"?>
<!-- Generated by org.testng.reporters.JUnitReportReporter -->
<testsuite hostname="runnervmnay03" failures="1" tests="4" name="ui.EnvVarTest" time="22.157" errors="0" timestamp="2026-03-01T11:36:16 UTC" skipped="3">
  <testcase classname="ui.EnvVarTest" name="tc003_deleteEnvVar" time="0.000">
    <skipped/>
  </testcase> <!-- tc003_deleteEnvVar -->
  <testcase classname="ui.EnvVarTest" name="launch" time="22.157">
    <failure message="Element not found {#password}
Expected: editable
Screenshot: file:/home/runner/work/checkly/checkly/build/reports/tests/1772364963272.1.png
Page source: file:/home/runner/work/checkly/checkly/build/reports/tests/1772364963272.1.html
Timeout: 10 s.
Caused by: NoSuchElementException: no such element: Unable to locate element: {&quot;method&quot;:&quot;css selector&quot;,&quot;selector&quot;:&quot;#password&quot;}" type="com.codeborne.selenide.ex.ElementNotFound">
      <![CDATA[Element not found {#password}
Expected: editable
Screenshot: file:/home/runner/work/checkly/checkly/build/reports/tests/1772364963272.1.png
Page source: file:/home/runner/work/checkly/checkly/build/reports/tests/1772364963272.1.html
Timeout: 10 s.
Caused by: NoSuchElementException: no such element: Unable to locate element: {"method":"css selector","selector":"#password"}
at com.codeborne.selenide.impl.WebElementSource.createElementNotFoundError(WebElementSource.java:89)
at com.codeborne.selenide.impl.ElementFinder.createElementNotFoundError(ElementFinder.java:142)
at com.codeborne.selenide.impl.WebElementSource.handleError(WebElementSource.java:141)
at com.codeborne.selenide.impl.WebElementSource.checkConditionAndReturnElement(WebElementSource.java:125)
at com.codeborne.selenide.impl.WebElementSource.findAndAssertElementIsEditable(WebElementSource.java:182)
at com.codeborne.selenide.commands.SetValue.setValueForTextInput(SetValue.java:58)
at com.codeborne.selenide.commands.SetValue.execute(SetValue.java:43)
at com.codeborne.selenide.commands.SetValue.execute(SetValue.java:25)
at com.codeborne.selenide.commands.Commands.execute(Commands.java:162)
at com.codeborne.selenide.impl.SelenideElementProxy.dispatchAndRetry(SelenideElementProxy.java:132)
at com.codeborne.selenide.impl.SelenideElementProxy.invoke(SelenideElementProxy.java:84)
at jdk.proxy2/jdk.proxy2.$Proxy7.setValue(Unknown Source)
at pages.LoginPage.setPassword(LoginPage.java:35)
at ui.base.LoggedInBaseTest.launch(LoggedInBaseTest.java:50)
at java.base/jdk.internal.reflect.NativeMethodAccessorImpl.invoke0(Native Method)
at java.base/jdk.internal.reflect.NativeMethodAccessorImpl.invoke(NativeMethodAccessorImpl.java:77)
at java.base/jdk.internal.reflect.DelegatingMethodAccessorImpl.invoke(DelegatingMethodAccessorImpl.java:43)
at java.base/java.lang.reflect.Method.invoke(Method.java:569)
at org.testng.internal.invokers.MethodInvocationHelper.invokeMethod(MethodInvocationHelper.java:141)
at org.testng.internal.invokers.MethodInvocationHelper.invokeMethodConsideringTimeout(MethodInvocationHelper.java:71)
at org.testng.internal.invokers.ConfigInvoker.invokeConfigurationMethod(ConfigInvoker.java:400)
at org.testng.internal.invokers.ConfigInvoker.invokeConfigurations(ConfigInvoker.java:333)
at org.testng.internal.invokers.TestInvoker.runConfigMethods(TestInvoker.java:833)
at org.testng.internal.invokers.TestInvoker.invokeMethod(TestInvoker.java:600)
at org.testng.internal.invokers.TestInvoker.invokeTestMethod(TestInvoker.java:230)
at org.testng.internal.invokers.MethodRunner.runInSequence(MethodRunner.java:63)
at org.testng.internal.invokers.TestInvoker$MethodInvocationAgent.invoke(TestInvoker.java:992)
at org.testng.internal.invokers.TestInvoker.invokeTestMethods(TestInvoker.java:203)
at org.testng.internal.invokers.TestMethodWorker.invokeTestMethods(TestMethodWorker.java:154)
at org.testng.internal.invokers.TestMethodWorker.run(TestMethodWorker.java:134)
at java.base/java.util.concurrent.Executors$RunnableAdapter.call(Executors.java:539)
at java.base/java.util.concurrent.FutureTask.run(FutureTask.java:264)
at org.testng.internal.thread.graph.TestNGFutureTask.run(TestNGFutureTask.java:22)
at java.base/java.util.concurrent.ThreadPoolExecutor.runWorker(ThreadPoolExecutor.java:1136)
at java.base/java.util.concurrent.ThreadPoolExecutor$Worker.run(ThreadPoolExecutor.java:635)
at java.base/java.lang.Thread.run(Thread.java:840)
Caused by: org.openqa.selenium.NoSuchElementException: no such element: Unable to locate element: {"method":"css selector","selector":"#password"}
  (Session info: chrome=145.0.7632.116)
For documentation on this error, please visit: https://www.selenium.dev/documentation/webdriver/troubleshooting/errors#no-such-element-exception
Build info: version: '4.18.1', revision: 'b1d3319b48'
System info: os.name: 'Linux', os.arch: 'amd64', os.version: '6.14.0-1017-azure', java.version: '17.0.18'
Driver info: org.openqa.selenium.chrome.ChromeDriver
Command: [d06d022f72104e451358484798d71a46, findElement {using=css selector, value=#password}]
Capabilities {acceptInsecureCerts: true, browserName: chrome, browserVersion: 145.0.7632.116, chrome: {chromedriverVersion: 145.0.7632.117 (de4e5d6e13b..., userDataDir: /tmp/org.chromium.Chromium....}, fedcm:accounts: true, goog:chromeOptions: {debuggerAddress: localhost:39577}, goog:processID: 2531, networkConnectionEnabled: false, pageLoadStrategy: normal, platformName: linux, proxy: Proxy(), se:cdp: ws://localhost:39577/devtoo..., se:cdpVersion: 145.0.7632.116, setWindowRect: true, strictFileInteractability: false, timeouts: {implicit: 0, pageLoad: 300000, script: 30000}, unhandledPromptBehavior: accept, webauthn:extension:credBlob: true, webauthn:extension:largeBlob: true, webauthn:extension:minPinLength: true, webauthn:extension:prf: true, webauthn:virtualAuthenticators: true}
Session ID: d06d022f72104e451358484798d71a46
at jdk.internal.reflect.GeneratedConstructorAccessor8.newInstance(Unknown Source)
at java.base/jdk.internal.reflect.DelegatingConstructorAccessorImpl.newInstance(DelegatingConstructorAccessorImpl.java:45)
at java.base/java.lang.reflect.Constructor.newInstanceWithCaller(Constructor.java:500)
at java.base/java.lang.reflect.Constructor.newInstance(Constructor.java:481)
at org.openqa.selenium.remote.ErrorCodec.decode(ErrorCodec.java:167)
at org.openqa.selenium.remote.codec.w3c.W3CHttpResponseCodec.decode(W3CHttpResponseCodec.java:138)
at org.openqa.selenium.remote.codec.w3c.W3CHttpResponseCodec.decode(W3CHttpResponseCodec.java:50)
at org.openqa.selenium.remote.HttpCommandExecutor.execute(HttpCommandExecutor.java:190)
at org.openqa.selenium.remote.service.DriverCommandExecutor.invokeExecute(DriverCommandExecutor.java:216)
at org.openqa.selenium.remote.service.DriverCommandExecutor.execute(DriverCommandExecutor.java:174)
at org.openqa.selenium.remote.RemoteWebDriver.execute(RemoteWebDriver.java:519)
at org.openqa.selenium.remote.ElementLocation$ElementFinder$2.findElement(ElementLocation.java:165)
at org.openqa.selenium.remote.ElementLocation.findElement(ElementLocation.java:59)
at org.openqa.selenium.remote.RemoteWebDriver.findElement(RemoteWebDriver.java:356)
at org.openqa.selenium.remote.RemoteWebDriver.findElement(RemoteWebDriver.java:350)
at com.codeborne.selenide.impl.WebElementSelector.findElement(WebElementSelector.java:70)
at com.codeborne.selenide.impl.WebElementSelector.findElement(WebElementSelector.java:44)
at com.codeborne.selenide.impl.WebElementSelector.findElement(WebElementSelector.java:33)
at com.codeborne.selenide.impl.ElementFinder.getWebElement(ElementFinder.java:122)
at com.codeborne.selenide.impl.WebElementSource.checkConditionAndReturnElement(WebElementSource.java:114)
... 32 more
]]>
    </failure>
  </testcase> <!-- launch -->
  <testcase classname="ui.EnvVarTest" name="tc001_createEnvVar" time="0.000">
    <skipped/>
  </testcase> <!-- tc001_createEnvVar -->
  <testcase classname="ui.EnvVarTest" name="tc002_updateEnvVar" time="0.000">
    <skipped/>
  </testcase> <!-- tc002_updateEnvVar -->
  <system-out>
    <![CDATA[<a href='/home/runner/work/checkly/checkly/build/reports/tests/tc001_loginTest.png'><img src='file:///home/runner/work/checkly/checkly/build/reports/tests/tc001_loginTest.png' width='822' height='404'/></a>
<a href='/home/runner/work/checkly/checkly/build/reports/tests/tc002_loginTestFail.png'><img src='file:///home/runner/work/checkly/checkly/build/reports/tests/tc002_loginTestFail.png' width='822' height='404'/></a>]]>
  </system-out>
</testsuite> <!-- ui.EnvVarTest -->
